GROUP,PACKAGE,CLASS,INSTRUCTION_MISSED,INSTRUCTION_COVERED,BRANCH_MISSED,BRANCH_COVERED,LINE_MISSED,LINE_COVERED,COMPLEXITY_MISSED,COMPLEXITY_COVERED,METHOD_MISSED,METHOD_COVERED
emailmanager,ucp.gmartineza.emailmanager,Filter,37,24,0,0,6,3,7,5,7,5
emailmanager,ucp.gmartineza.emailmanager,Contact,11,63,1,3,3,23,3,8,2,7
emailmanager,ucp.gmartineza.emailmanager,Mail,0,43,0,0,0,18,0,9,0,9
emailmanager,ucp.gmartineza.emailmanager,MailBox,0,58,0,0,0,21,0,9,0,9
emailmanager,ucp.gmartineza.emailmanager,Mailman,2,89,1,7,1,23,1,7,0,4
